<?xml version="1.0" encoding="UTF-8"?>
<!-- Generated by org.testng.reporters.JUnitXMLReporter -->
<testsuite hostname="rasta" name="Default test" tests="2" failures="0" timestamp="1 Feb 2017 14:30:32 GMT" time="55.439" errors="0">
  <testcase name="testSuccessfulBusinessAccountRegistration" time="15.006" classname="com.test1.tests.testSuccessfulBusinessRegistration"/>
  <testcase name="testSuccessfulBusinessAccountRegistration" time="14.771" classname="com.test1.tests.testSuccessfulBusinessRegistration"/>
</testsuite> <!-- Default test -->
