<?xml version="1.0" encoding="UTF-8"?>
<testng-results skipped="0" failed="0" total="2" passed="2">
  <reporter-output>
  </reporter-output>
  <suite name="Default suite" duration-ms="55439" started-at="2017-02-01T14:29:37Z" finished-at="2017-02-01T14:30:32Z">
    <groups>
    </groups>
    <test name="Default test" duration-ms="55439" started-at="2017-02-01T14:29:37Z" finished-at="2017-02-01T14:30:32Z">
      <class name="com.test1.tests.testSuccessfulBusinessRegistration">
        <test-method status="PASS" signature="beforSuite()[pri:0, instance:com.test1.tests.testSuccessfulBusinessRegistration@6d78f375]" name="beforSuite" is-config="true" duration-ms="12" started-at="2017-02-01T09:29:37Z" finished-at="2017-02-01T09:29:37Z">
          <reporter-output>
          </reporter-output>
        </test-method> <!-- beforSuite -->
        <test-method status="PASS" signature="beforeMethod()[pri:0, instance:com.test1.tests.testSuccessfulBusinessRegistration@6d78f375]" name="beforeMethod" is-config="true" duration-ms="10128" started-at="2017-02-01T09:29:37Z" finished-at="2017-02-01T09:29:47Z">
          <reporter-output>
          </reporter-output>
        </test-method> <!-- beforeMethod -->
        <test-method status="PASS" signature="testSuccessfulBusinessAccountRegistration(java.lang.String, java.lang.String, java.lang.String, java.lang.String, java.lang.String, java.lang.String, java.lang.String, java.lang.String, java.lang.String, java.lang.String, java.lang.String, java.lang.String, java.lang.String, java.lang.String)[pri:0, instance:com.test1.tests.testSuccessfulBusinessRegistration@6d78f375]" name="testSuccessfulBusinessAccountRegistration" duration-ms="15006" started-at="2017-02-01T09:29:47Z" data-provider="dataProvider" finished-at="2017-02-01T09:30:02Z">
          <params>
            <param index="0">
              <value>
                <![CDATA[tester777777711001@mytest.com]]>
              </value>
            </param>
            <param index="1">
              <value>
                <![CDATA[Rodney]]>
              </value>
            </param>
            <param index="2">
              <value>
                <![CDATA[King]]>
              </value>
            </param>
            <param index="3">
              <value>
                <![CDATA[rodneypassword]]>
              </value>
            </param>
            <param index="4">
              <value>
                <![CDATA[rodneypassword]]>
              </value>
            </param>
            <param index="5">
              <value>
                <![CDATA[770-458-9764]]>
              </value>
            </param>
            <param index="6">
              <value>
                <![CDATA[9999.0]]>
              </value>
            </param>
            <param index="7">
              <value>
                <![CDATA[30309.0]]>
              </value>
            </param>
            <param index="8">
              <value>
                <![CDATA[Rrodney Vid Games]]>
              </value>
            </param>
            <param index="9">
              <value>
                <![CDATA[3251 Peachtree Road]]>
              </value>
            </param>
            <param index="10">
              <value>
                <![CDATA[Atlanta]]>
              </value>
            </param>
            <param index="11">
              <value>
                <![CDATA[GA]]>
              </value>
            </param>
            <param index="12">
              <value>
                <![CDATA[Retail]]>
              </value>
            </param>
            <param index="13">
              <value>
                <![CDATA[Other]]>
              </value>
            </param>
          </params>
          <reporter-output>
          </reporter-output>
        </test-method> <!-- testSuccessfulBusinessAccountRegistration -->
        <test-method status="PASS" signature="afterMethod()[pri:0, instance:com.test1.tests.testSuccessfulBusinessRegistration@6d78f375]" name="afterMethod" is-config="true" duration-ms="949" started-at="2017-02-01T09:30:02Z" finished-at="2017-02-01T09:30:03Z">
          <reporter-output>
          </reporter-output>
        </test-method> <!-- afterMethod -->
        <test-method status="PASS" signature="beforeMethod()[pri:0, instance:com.test1.tests.testSuccessfulBusinessRegistration@6d78f375]" name="beforeMethod" is-config="true" duration-ms="13585" started-at="2017-02-01T09:30:03Z" finished-at="2017-02-01T09:30:16Z">
          <reporter-output>
          </reporter-output>
        </test-method> <!-- beforeMethod -->
        <test-method status="PASS" signature="testSuccessfulBusinessAccountRegistration(java.lang.String, java.lang.String, java.lang.String, java.lang.String, java.lang.String, java.lang.String, java.lang.String, java.lang.String, java.lang.String, java.lang.String, java.lang.String, java.lang.String, java.lang.String, java.lang.String)[pri:0, instance:com.test1.tests.testSuccessfulBusinessRegistration@6d78f375]" name="testSuccessfulBusinessAccountRegistration" duration-ms="14771" started-at="2017-02-01T09:30:16Z" data-provider="dataProvider" finished-at="2017-02-01T09:30:31Z">
          <params>
            <param index="0">
              <value>
                <![CDATA[tester9997777711001@tester.net]]>
              </value>
            </param>
            <param index="1">
              <value>
                <![CDATA[Darrell]]>
              </value>
            </param>
            <param index="2">
              <value>
                <![CDATA[Gates]]>
              </value>
            </param>
            <param index="3">
              <value>
                <![CDATA[password1]]>
              </value>
            </param>
            <param index="4">
              <value>
                <![CDATA[password1]]>
              </value>
            </param>
            <param index="5">
              <value>
                <![CDATA[678-996-4435]]>
              </value>
            </param>
            <param index="6">
              <value>
                <![CDATA[9999]]>
              </value>
            </param>
            <param index="7">
              <value>
                <![CDATA[30305]]>
              </value>
            </param>
            <param index="8">
              <value>
                <![CDATA[Ddarrel Bbbq Atl]]>
              </value>
            </param>
            <param index="9">
              <value>
                <![CDATA[19951 Peachtree Rd]]>
              </value>
            </param>
            <param index="10">
              <value>
                <![CDATA[Atlanta]]>
              </value>
            </param>
            <param index="11">
              <value>
                <![CDATA[GA]]>
              </value>
            </param>
            <param index="12">
              <value>
                <![CDATA[Restaurant]]>
              </value>
            </param>
            <param index="13">
              <value>
                <![CDATA[Casual]]>
              </value>
            </param>
          </params>
          <reporter-output>
          </reporter-output>
        </test-method> <!-- testSuccessfulBusinessAccountRegistration -->
        <test-method status="PASS" signature="afterMethod()[pri:0, instance:com.test1.tests.testSuccessfulBusinessRegistration@6d78f375]" name="afterMethod" is-config="true" duration-ms="773" started-at="2017-02-01T09:30:31Z" finished-at="2017-02-01T09:30:32Z">
          <reporter-output>
          </reporter-output>
        </test-method> <!-- afterMethod -->
      </class> <!-- com.test1.tests.testSuccessfulBusinessRegistration -->
    </test> <!-- Default test -->
  </suite> <!-- Default suite -->
</testng-results>
