<?xml version="1.0" encoding="UTF-8"?>
<testng-results skipped="0" failed="0" total="2" passed="2">
  <reporter-output>
  </reporter-output>
  <suite name="Ant suite" duration-ms="60472" started-at="2017-02-01T14:40:04Z" finished-at="2017-02-01T14:41:05Z">
    <groups>
    </groups>
    <test name="Ant test" duration-ms="60472" started-at="2017-02-01T14:40:04Z" finished-at="2017-02-01T14:41:05Z">
      <class name="com.test1.tests.RTest">
        <test-method status="PASS" signature="beforSuite()[pri:0, instance:com.test1.tests.RTest@52d455b8]" name="beforSuite" is-config="true" duration-ms="11" started-at="2017-02-01T09:40:04Z" finished-at="2017-02-01T09:40:04Z">
          <reporter-output>
          </reporter-output>
        </test-method> <!-- beforSuite -->
        <test-method status="PASS" signature="beforeMethod()[pri:0, instance:com.test1.tests.RTest@52d455b8]" name="beforeMethod" is-config="true" duration-ms="13234" started-at="2017-02-01T09:40:05Z" finished-at="2017-02-01T09:40:18Z">
          <reporter-output>
          </reporter-output>
        </test-method> <!-- beforeMethod -->
        <test-method status="PASS" signature="testSuccessfulBusinessAccountRegistration(java.lang.String, java.lang.String, java.lang.String, java.lang.String, java.lang.String, java.lang.String, java.lang.String, java.lang.String, java.lang.String, java.lang.String, java.lang.String, java.lang.String, java.lang.String, java.lang.String)[pri:0, instance:com.test1.tests.RTest@52d455b8]" name="testSuccessfulBusinessAccountRegistration" duration-ms="15124" started-at="2017-02-01T09:40:18Z" data-provider="dataProvider" finished-at="2017-02-01T09:40:33Z">
          <params>
            <param index="0">
              <value>
                <![CDATA[tester777666@mytest.com]]>
              </value>
            </param>
            <param index="1">
              <value>
                <![CDATA[Rodney]]>
              </value>
            </param>
            <param index="2">
              <value>
                <![CDATA[King]]>
              </value>
            </param>
            <param index="3">
              <value>
                <![CDATA[rodneypassword]]>
              </value>
            </param>
            <param index="4">
              <value>
                <![CDATA[rodneypassword]]>
              </value>
            </param>
            <param index="5">
              <value>
                <![CDATA[770-458-9764]]>
              </value>
            </param>
            <param index="6">
              <value>
                <![CDATA[9999.0]]>
              </value>
            </param>
            <param index="7">
              <value>
                <![CDATA[30309.0]]>
              </value>
            </param>
            <param index="8">
              <value>
                <![CDATA[Rrodney Vid Games]]>
              </value>
            </param>
            <param index="9">
              <value>
                <![CDATA[3251 Peachtree Road]]>
              </value>
            </param>
            <param index="10">
              <value>
                <![CDATA[Atlanta]]>
              </value>
            </param>
            <param index="11">
              <value>
                <![CDATA[GA]]>
              </value>
            </param>
            <param index="12">
              <value>
                <![CDATA[Retail]]>
              </value>
            </param>
            <param index="13">
              <value>
                <![CDATA[Other]]>
              </value>
            </param>
          </params>
          <reporter-output>
          </reporter-output>
        </test-method> <!-- testSuccessfulBusinessAccountRegistration -->
        <test-method status="PASS" signature="afterMethod()[pri:0, instance:com.test1.tests.RTest@52d455b8]" name="afterMethod" is-config="true" duration-ms="1504" started-at="2017-02-01T09:40:33Z" finished-at="2017-02-01T09:40:35Z">
          <reporter-output>
          </reporter-output>
        </test-method> <!-- afterMethod -->
        <test-method status="PASS" signature="beforeMethod()[pri:0, instance:com.test1.tests.RTest@52d455b8]" name="beforeMethod" is-config="true" duration-ms="14404" started-at="2017-02-01T09:40:35Z" finished-at="2017-02-01T09:40:49Z">
          <reporter-output>
          </reporter-output>
        </test-method> <!-- beforeMethod -->
        <test-method status="PASS" signature="testSuccessfulBusinessAccountRegistration(java.lang.String, java.lang.String, java.lang.String, java.lang.String, java.lang.String, java.lang.String, java.lang.String, java.lang.String, java.lang.String, java.lang.String, java.lang.String, java.lang.String, java.lang.String, java.lang.String)[pri:0, instance:com.test1.tests.RTest@52d455b8]" name="testSuccessfulBusinessAccountRegistration" duration-ms="14630" started-at="2017-02-01T09:40:49Z" data-provider="dataProvider" finished-at="2017-02-01T09:41:04Z">
          <params>
            <param index="0">
              <value>
                <![CDATA[tester999777666@tester.net]]>
              </value>
            </param>
            <param index="1">
              <value>
                <![CDATA[Darrell]]>
              </value>
            </param>
            <param index="2">
              <value>
                <![CDATA[Gates]]>
              </value>
            </param>
            <param index="3">
              <value>
                <![CDATA[password1]]>
              </value>
            </param>
            <param index="4">
              <value>
                <![CDATA[password1]]>
              </value>
            </param>
            <param index="5">
              <value>
                <![CDATA[678-996-4435]]>
              </value>
            </param>
            <param index="6">
              <value>
                <![CDATA[9999]]>
              </value>
            </param>
            <param index="7">
              <value>
                <![CDATA[30305]]>
              </value>
            </param>
            <param index="8">
              <value>
                <![CDATA[Ddarrel Bbbq Atl]]>
              </value>
            </param>
            <param index="9">
              <value>
                <![CDATA[19951 Peachtree Rd]]>
              </value>
            </param>
            <param index="10">
              <value>
                <![CDATA[Atlanta]]>
              </value>
            </param>
            <param index="11">
              <value>
                <![CDATA[GA]]>
              </value>
            </param>
            <param index="12">
              <value>
                <![CDATA[Restaurant]]>
              </value>
            </param>
            <param index="13">
              <value>
                <![CDATA[Casual]]>
              </value>
            </param>
          </params>
          <reporter-output>
          </reporter-output>
        </test-method> <!-- testSuccessfulBusinessAccountRegistration -->
        <test-method status="PASS" signature="afterMethod()[pri:0, instance:com.test1.tests.RTest@52d455b8]" name="afterMethod" is-config="true" duration-ms="1335" started-at="2017-02-01T09:41:04Z" finished-at="2017-02-01T09:41:05Z">
          <reporter-output>
          </reporter-output>
        </test-method> <!-- afterMethod -->
      </class> <!-- com.test1.tests.RTest -->
    </test> <!-- Ant test -->
  </suite> <!-- Ant suite -->
</testng-results>
