<?xml version="1.0" encoding="UTF-8"?>
<testng-results skipped="0" failed="3" total="24" passed="21">
  <reporter-output>
  </reporter-output>
  <suite name="Ant suite" duration-ms="346882" started-at="2017-01-24T17:06:07Z" finished-at="2017-01-24T17:11:53Z">
    <groups>
    </groups>
    <test name="Ant test" duration-ms="346882" started-at="2017-01-24T17:06:07Z" finished-at="2017-01-24T17:11:53Z">
      <class name="com.test1.tests.RTest">
        <test-method status="PASS" signature="beforSuite()[pri:0, instance:com.test1.tests.RTest@52d455b8]" name="beforSuite" is-config="true" duration-ms="11" started-at="2017-01-24T12:06:07Z" finished-at="2017-01-24T12:06:07Z">
          <reporter-output>
          </reporter-output>
        </test-method> <!-- beforSuite -->
        <test-method status="PASS" signature="beforeMethod()[pri:0, instance:com.test1.tests.RTest@52d455b8]" name="beforeMethod" is-config="true" duration-ms="15037" started-at="2017-01-24T12:06:07Z" finished-at="2017-01-24T12:06:22Z">
          <reporter-output>
          </reporter-output>
        </test-method> <!-- beforeMethod -->
        <test-method status="PASS" signature="isEmailSubmissionSuccessful(java.lang.String, java.lang.String, java.lang.String)[pri:0, instance:com.test1.tests.RTest@52d455b8]" name="isEmailSubmissionSuccessful" duration-ms="3395" started-at="2017-01-24T12:06:22Z" data-provider="dataProvider" finished-at="2017-01-24T12:06:25Z">
          <params>
            <param index="0">
              <value>
                <![CDATA[January]]>
              </value>
            </param>
            <param index="1">
              <value>
                <![CDATA[testing@123.com]]>
              </value>
            </param>
            <param index="2">
              <value>
                <![CDATA[Thanks! We will notify you of our new shoes at this email:]]>
              </value>
            </param>
          </params>
          <reporter-output>
          </reporter-output>
        </test-method> <!-- isEmailSubmissionSuccessful -->
        <test-method status="PASS" signature="afterMethod()[pri:0, instance:com.test1.tests.RTest@52d455b8]" name="afterMethod" is-config="true" duration-ms="1421" started-at="2017-01-24T12:06:25Z" finished-at="2017-01-24T12:06:27Z">
          <reporter-output>
          </reporter-output>
        </test-method> <!-- afterMethod -->
        <test-method status="PASS" signature="beforeMethod()[pri:0, instance:com.test1.tests.RTest@52d455b8]" name="beforeMethod" is-config="true" duration-ms="7025" started-at="2017-01-24T12:06:27Z" finished-at="2017-01-24T12:06:34Z">
          <reporter-output>
          </reporter-output>
        </test-method> <!-- beforeMethod -->
        <test-method status="PASS" signature="isEmailSubmissionSuccessful(java.lang.String, java.lang.String, java.lang.String)[pri:0, instance:com.test1.tests.RTest@52d455b8]" name="isEmailSubmissionSuccessful" duration-ms="3291" started-at="2017-01-24T12:06:34Z" data-provider="dataProvider" finished-at="2017-01-24T12:06:37Z">
          <params>
            <param index="0">
              <value>
                <![CDATA[February]]>
              </value>
            </param>
            <param index="1">
              <value>
                <![CDATA[abcd@1123.com]]>
              </value>
            </param>
            <param index="2">
              <value>
                <![CDATA[Thanks! We will notify you of our new shoes at this email:]]>
              </value>
            </param>
          </params>
          <reporter-output>
          </reporter-output>
        </test-method> <!-- isEmailSubmissionSuccessful -->
        <test-method status="PASS" signature="afterMethod()[pri:0, instance:com.test1.tests.RTest@52d455b8]" name="afterMethod" is-config="true" duration-ms="1231" started-at="2017-01-24T12:06:37Z" finished-at="2017-01-24T12:06:38Z">
          <reporter-output>
          </reporter-output>
        </test-method> <!-- afterMethod -->
        <test-method status="PASS" signature="beforeMethod()[pri:0, instance:com.test1.tests.RTest@52d455b8]" name="beforeMethod" is-config="true" duration-ms="7742" started-at="2017-01-24T12:06:38Z" finished-at="2017-01-24T12:06:46Z">
          <reporter-output>
          </reporter-output>
        </test-method> <!-- beforeMethod -->
        <test-method status="PASS" signature="isEmailSubmissionSuccessful(java.lang.String, java.lang.String, java.lang.String)[pri:0, instance:com.test1.tests.RTest@52d455b8]" name="isEmailSubmissionSuccessful" duration-ms="9160" started-at="2017-01-24T12:06:46Z" data-provider="dataProvider" finished-at="2017-01-24T12:06:55Z">
          <params>
            <param index="0">
              <value>
                <![CDATA[March]]>
              </value>
            </param>
            <param index="1">
              <value>
                <![CDATA[3456@test.com]]>
              </value>
            </param>
            <param index="2">
              <value>
                <![CDATA[Thanks! We will notify you of our new shoes at this email:]]>
              </value>
            </param>
          </params>
          <reporter-output>
          </reporter-output>
        </test-method> <!-- isEmailSubmissionSuccessful -->
        <test-method status="PASS" signature="afterMethod()[pri:0, instance:com.test1.tests.RTest@52d455b8]" name="afterMethod" is-config="true" duration-ms="1230" started-at="2017-01-24T12:06:55Z" finished-at="2017-01-24T12:06:56Z">
          <reporter-output>
          </reporter-output>
        </test-method> <!-- afterMethod -->
        <test-method status="PASS" signature="beforeMethod()[pri:0, instance:com.test1.tests.RTest@52d455b8]" name="beforeMethod" is-config="true" duration-ms="7441" started-at="2017-01-24T12:06:56Z" finished-at="2017-01-24T12:07:04Z">
          <reporter-output>
          </reporter-output>
        </test-method> <!-- beforeMethod -->
        <test-method status="PASS" signature="isEmailSubmissionSuccessful(java.lang.String, java.lang.String, java.lang.String)[pri:0, instance:com.test1.tests.RTest@52d455b8]" name="isEmailSubmissionSuccessful" duration-ms="4124" started-at="2017-01-24T12:07:04Z" data-provider="dataProvider" finished-at="2017-01-24T12:07:08Z">
          <params>
            <param index="0">
              <value>
                <![CDATA[April]]>
              </value>
            </param>
            <param index="1">
              <value>
                <![CDATA[890@vvv.com]]>
              </value>
            </param>
            <param index="2">
              <value>
                <![CDATA[Thanks! We will notify you of our new shoes at this email:]]>
              </value>
            </param>
          </params>
          <reporter-output>
          </reporter-output>
        </test-method> <!-- isEmailSubmissionSuccessful -->
        <test-method status="PASS" signature="afterMethod()[pri:0, instance:com.test1.tests.RTest@52d455b8]" name="afterMethod" is-config="true" duration-ms="1232" started-at="2017-01-24T12:07:08Z" finished-at="2017-01-24T12:07:09Z">
          <reporter-output>
          </reporter-output>
        </test-method> <!-- afterMethod -->
        <test-method status="PASS" signature="beforeMethod()[pri:0, instance:com.test1.tests.RTest@52d455b8]" name="beforeMethod" is-config="true" duration-ms="7271" started-at="2017-01-24T12:07:09Z" finished-at="2017-01-24T12:07:16Z">
          <reporter-output>
          </reporter-output>
        </test-method> <!-- beforeMethod -->
        <test-method status="PASS" signature="isEmailSubmissionSuccessful(java.lang.String, java.lang.String, java.lang.String)[pri:0, instance:com.test1.tests.RTest@52d455b8]" name="isEmailSubmissionSuccessful" duration-ms="2889" started-at="2017-01-24T12:07:16Z" data-provider="dataProvider" finished-at="2017-01-24T12:07:19Z">
          <params>
            <param index="0">
              <value>
                <![CDATA[May]]>
              </value>
            </param>
            <param index="1">
              <value>
                <![CDATA[testing@123.com]]>
              </value>
            </param>
            <param index="2">
              <value>
                <![CDATA[Thanks! We will notify you of our new shoes at this email:]]>
              </value>
            </param>
          </params>
          <reporter-output>
          </reporter-output>
        </test-method> <!-- isEmailSubmissionSuccessful -->
        <test-method status="PASS" signature="afterMethod()[pri:0, instance:com.test1.tests.RTest@52d455b8]" name="afterMethod" is-config="true" duration-ms="1226" started-at="2017-01-24T12:07:19Z" finished-at="2017-01-24T12:07:21Z">
          <reporter-output>
          </reporter-output>
        </test-method> <!-- afterMethod -->
        <test-method status="PASS" signature="beforeMethod()[pri:0, instance:com.test1.tests.RTest@52d455b8]" name="beforeMethod" is-config="true" duration-ms="7053" started-at="2017-01-24T12:07:21Z" finished-at="2017-01-24T12:07:28Z">
          <reporter-output>
          </reporter-output>
        </test-method> <!-- beforeMethod -->
        <test-method status="PASS" signature="isEmailSubmissionSuccessful(java.lang.String, java.lang.String, java.lang.String)[pri:0, instance:com.test1.tests.RTest@52d455b8]" name="isEmailSubmissionSuccessful" duration-ms="2704" started-at="2017-01-24T12:07:28Z" data-provider="dataProvider" finished-at="2017-01-24T12:07:30Z">
          <params>
            <param index="0">
              <value>
                <![CDATA[June]]>
              </value>
            </param>
            <param index="1">
              <value>
                <![CDATA[abcd@1123.com]]>
              </value>
            </param>
            <param index="2">
              <value>
                <![CDATA[Thanks! We will notify you of our new shoes at this email:]]>
              </value>
            </param>
          </params>
          <reporter-output>
          </reporter-output>
        </test-method> <!-- isEmailSubmissionSuccessful -->
        <test-method status="PASS" signature="afterMethod()[pri:0, instance:com.test1.tests.RTest@52d455b8]" name="afterMethod" is-config="true" duration-ms="1229" started-at="2017-01-24T12:07:30Z" finished-at="2017-01-24T12:07:31Z">
          <reporter-output>
          </reporter-output>
        </test-method> <!-- afterMethod -->
        <test-method status="PASS" signature="beforeMethod()[pri:0, instance:com.test1.tests.RTest@52d455b8]" name="beforeMethod" is-config="true" duration-ms="6565" started-at="2017-01-24T12:07:31Z" finished-at="2017-01-24T12:07:38Z">
          <reporter-output>
          </reporter-output>
        </test-method> <!-- beforeMethod -->
        <test-method status="PASS" signature="isEmailSubmissionSuccessful(java.lang.String, java.lang.String, java.lang.String)[pri:0, instance:com.test1.tests.RTest@52d455b8]" name="isEmailSubmissionSuccessful" duration-ms="4687" started-at="2017-01-24T12:07:38Z" data-provider="dataProvider" finished-at="2017-01-24T12:07:43Z">
          <params>
            <param index="0">
              <value>
                <![CDATA[July]]>
              </value>
            </param>
            <param index="1">
              <value>
                <![CDATA[890@vvv.com]]>
              </value>
            </param>
            <param index="2">
              <value>
                <![CDATA[Thanks! We will notify you of our new shoes at this email:]]>
              </value>
            </param>
          </params>
          <reporter-output>
          </reporter-output>
        </test-method> <!-- isEmailSubmissionSuccessful -->
        <test-method status="PASS" signature="afterMethod()[pri:0, instance:com.test1.tests.RTest@52d455b8]" name="afterMethod" is-config="true" duration-ms="1225" started-at="2017-01-24T12:07:43Z" finished-at="2017-01-24T12:07:44Z">
          <reporter-output>
          </reporter-output>
        </test-method> <!-- afterMethod -->
        <test-method status="PASS" signature="beforeMethod()[pri:0, instance:com.test1.tests.RTest@52d455b8]" name="beforeMethod" is-config="true" duration-ms="11863" started-at="2017-01-24T12:07:44Z" finished-at="2017-01-24T12:07:56Z">
          <reporter-output>
          </reporter-output>
        </test-method> <!-- beforeMethod -->
        <test-method status="PASS" signature="isHomeEmailSubmissionSuccessful(java.lang.String, java.lang.String)[pri:0, instance:com.test1.tests.RTest@52d455b8]" name="isHomeEmailSubmissionSuccessful" duration-ms="2731" started-at="2017-01-24T12:07:56Z" data-provider="dataProvider" finished-at="2017-01-24T12:07:59Z">
          <params>
            <param index="0">
              <value>
                <![CDATA[testing@123.com]]>
              </value>
            </param>
            <param index="1">
              <value>
                <![CDATA[Thanks! We will notify you of our new shoes at this email:]]>
              </value>
            </param>
          </params>
          <reporter-output>
          </reporter-output>
        </test-method> <!-- isHomeEmailSubmissionSuccessful -->
        <test-method status="PASS" signature="afterMethod()[pri:0, instance:com.test1.tests.RTest@52d455b8]" name="afterMethod" is-config="true" duration-ms="1223" started-at="2017-01-24T12:07:59Z" finished-at="2017-01-24T12:08:00Z">
          <reporter-output>
          </reporter-output>
        </test-method> <!-- afterMethod -->
        <test-method status="PASS" signature="beforeMethod()[pri:0, instance:com.test1.tests.RTest@52d455b8]" name="beforeMethod" is-config="true" duration-ms="6251" started-at="2017-01-24T12:08:00Z" finished-at="2017-01-24T12:08:06Z">
          <reporter-output>
          </reporter-output>
        </test-method> <!-- beforeMethod -->
        <test-method status="PASS" signature="isHomeEmailSubmissionSuccessful(java.lang.String, java.lang.String)[pri:0, instance:com.test1.tests.RTest@52d455b8]" name="isHomeEmailSubmissionSuccessful" duration-ms="3087" started-at="2017-01-24T12:08:06Z" data-provider="dataProvider" finished-at="2017-01-24T12:08:09Z">
          <params>
            <param index="0">
              <value>
                <![CDATA[abcd@1123.com]]>
              </value>
            </param>
            <param index="1">
              <value>
                <![CDATA[Thanks! We will notify you of our new shoes at this email:]]>
              </value>
            </param>
          </params>
          <reporter-output>
          </reporter-output>
        </test-method> <!-- isHomeEmailSubmissionSuccessful -->
        <test-method status="PASS" signature="afterMethod()[pri:0, instance:com.test1.tests.RTest@52d455b8]" name="afterMethod" is-config="true" duration-ms="1274" started-at="2017-01-24T12:08:09Z" finished-at="2017-01-24T12:08:10Z">
          <reporter-output>
          </reporter-output>
        </test-method> <!-- afterMethod -->
        <test-method status="PASS" signature="beforeMethod()[pri:0, instance:com.test1.tests.RTest@52d455b8]" name="beforeMethod" is-config="true" duration-ms="8861" started-at="2017-01-24T12:08:10Z" finished-at="2017-01-24T12:08:19Z">
          <reporter-output>
          </reporter-output>
        </test-method> <!-- beforeMethod -->
        <test-method status="PASS" signature="isHomeEmailSubmissionSuccessful(java.lang.String, java.lang.String)[pri:0, instance:com.test1.tests.RTest@52d455b8]" name="isHomeEmailSubmissionSuccessful" duration-ms="4440" started-at="2017-01-24T12:08:19Z" data-provider="dataProvider" finished-at="2017-01-24T12:08:24Z">
          <params>
            <param index="0">
              <value>
                <![CDATA[3456@test.com]]>
              </value>
            </param>
            <param index="1">
              <value>
                <![CDATA[Thanks! We will notify you of our new shoes at this email:]]>
              </value>
            </param>
          </params>
          <reporter-output>
          </reporter-output>
        </test-method> <!-- isHomeEmailSubmissionSuccessful -->
        <test-method status="PASS" signature="afterMethod()[pri:0, instance:com.test1.tests.RTest@52d455b8]" name="afterMethod" is-config="true" duration-ms="1275" started-at="2017-01-24T12:08:24Z" finished-at="2017-01-24T12:08:25Z">
          <reporter-output>
          </reporter-output>
        </test-method> <!-- afterMethod -->
        <test-method status="PASS" signature="beforeMethod()[pri:0, instance:com.test1.tests.RTest@52d455b8]" name="beforeMethod" is-config="true" duration-ms="6309" started-at="2017-01-24T12:08:25Z" finished-at="2017-01-24T12:08:31Z">
          <reporter-output>
          </reporter-output>
        </test-method> <!-- beforeMethod -->
        <test-method status="PASS" signature="isShoeBlurbAvailable(java.lang.String)[pri:0, instance:com.test1.tests.RTest@52d455b8]" name="isShoeBlurbAvailable" duration-ms="5038" started-at="2017-01-24T12:08:31Z" data-provider="dataProvider" finished-at="2017-01-24T12:08:36Z">
          <params>
            <param index="0">
              <value>
                <![CDATA[January]]>
              </value>
            </param>
          </params>
          <reporter-output>
          </reporter-output>
        </test-method> <!-- isShoeBlurbAvailable -->
        <test-method status="PASS" signature="afterMethod()[pri:0, instance:com.test1.tests.RTest@52d455b8]" name="afterMethod" is-config="true" duration-ms="1276" started-at="2017-01-24T12:08:36Z" finished-at="2017-01-24T12:08:38Z">
          <reporter-output>
          </reporter-output>
        </test-method> <!-- afterMethod -->
        <test-method status="PASS" signature="beforeMethod()[pri:0, instance:com.test1.tests.RTest@52d455b8]" name="beforeMethod" is-config="true" duration-ms="6650" started-at="2017-01-24T12:08:38Z" finished-at="2017-01-24T12:08:44Z">
          <reporter-output>
          </reporter-output>
        </test-method> <!-- beforeMethod -->
        <test-method status="PASS" signature="isShoeBlurbAvailable(java.lang.String)[pri:0, instance:com.test1.tests.RTest@52d455b8]" name="isShoeBlurbAvailable" duration-ms="2027" started-at="2017-01-24T12:08:44Z" data-provider="dataProvider" finished-at="2017-01-24T12:08:46Z">
          <params>
            <param index="0">
              <value>
                <![CDATA[November]]>
              </value>
            </param>
          </params>
          <reporter-output>
          </reporter-output>
        </test-method> <!-- isShoeBlurbAvailable -->
        <test-method status="PASS" signature="afterMethod()[pri:0, instance:com.test1.tests.RTest@52d455b8]" name="afterMethod" is-config="true" duration-ms="1223" started-at="2017-01-24T12:08:46Z" finished-at="2017-01-24T12:08:48Z">
          <reporter-output>
          </reporter-output>
        </test-method> <!-- afterMethod -->
        <test-method status="PASS" signature="beforeMethod()[pri:0, instance:com.test1.tests.RTest@52d455b8]" name="beforeMethod" is-config="true" duration-ms="7242" started-at="2017-01-24T12:08:48Z" finished-at="2017-01-24T12:08:55Z">
          <reporter-output>
          </reporter-output>
        </test-method> <!-- beforeMethod -->
        <test-method status="FAIL" signature="isShoeBlurbAvailable(java.lang.String)[pri:0, instance:com.test1.tests.RTest@52d455b8]" name="isShoeBlurbAvailable" duration-ms="14924" started-at="2017-01-24T12:08:55Z" data-provider="dataProvider" finished-at="2017-01-24T12:09:10Z">
          <params>
            <param index="0">
              <value>
                <![CDATA[December]]>
              </value>
            </param>
          </params>
          <exception class="java.lang.AssertionError">
            <message>
              <![CDATA[The shoe information blurb is not available. expected [true] but found [false]]]>
            </message>
            <full-stacktrace>
              <![CDATA[java.lang.AssertionError: The shoe information blurb is not available. expected [true] but found [false]
	at org.testng.Assert.fail(Assert.java:94)
	at org.testng.Assert.failNotEquals(Assert.java:496)
	at org.testng.Assert.assertTrue(Assert.java:42)
	at com.test1.tests.RTest.isShoeBlurbAvailable(RTest.java:64)
	at sun.reflect.NativeMethodAccessorImpl.invoke0(Native Method)
	at sun.reflect.NativeMethodAccessorImpl.invoke(NativeMethodAccessorImpl.java:62)
	at sun.reflect.DelegatingMethodAccessorImpl.invoke(DelegatingMethodAccessorImpl.java:43)
	at java.lang.reflect.Method.invoke(Method.java:497)
	at org.testng.internal.MethodInvocationHelper.invokeMethod(MethodInvocationHelper.java:85)
	at org.testng.internal.Invoker.invokeMethod(Invoker.java:639)
	at org.testng.internal.Invoker.invokeTestMethod(Invoker.java:821)
	at org.testng.internal.Invoker.invokeTestMethods(Invoker.java:1131)
	at org.testng.internal.TestMethodWorker.invokeTestMethods(TestMethodWorker.java:124)
	at org.testng.internal.TestMethodWorker.run(TestMethodWorker.java:108)
	at org.testng.TestRunner.privateRun(TestRunner.java:773)
	at org.testng.TestRunner.run(TestRunner.java:623)
	at org.testng.SuiteRunner.runTest(SuiteRunner.java:357)
	at org.testng.SuiteRunner.runSequentially(SuiteRunner.java:352)
	at org.testng.SuiteRunner.privateRun(SuiteRunner.java:310)
	at org.testng.SuiteRunner.run(SuiteRunner.java:259)
	at org.testng.SuiteRunnerWorker.runSuite(SuiteRunnerWorker.java:52)
	at org.testng.SuiteRunnerWorker.run(SuiteRunnerWorker.java:86)
	at org.testng.TestNG.runSuitesSequentially(TestNG.java:1185)
	at org.testng.TestNG.runSuitesLocally(TestNG.java:1110)
	at org.testng.TestNG.run(TestNG.java:1018)
	at org.testng.TestNG.privateMain(TestNG.java:1325)
	at org.testng.TestNG.main(TestNG.java:1294)
]]>
            </full-stacktrace>
          </exception> <!-- java.lang.AssertionError -->
          <reporter-output>
          </reporter-output>
        </test-method> <!-- isShoeBlurbAvailable -->
        <test-method status="PASS" signature="afterMethod()[pri:0, instance:com.test1.tests.RTest@52d455b8]" name="afterMethod" is-config="true" duration-ms="1249" started-at="2017-01-24T12:09:10Z" finished-at="2017-01-24T12:09:11Z">
          <reporter-output>
          </reporter-output>
        </test-method> <!-- afterMethod -->
        <test-method status="PASS" signature="beforeMethod()[pri:0, instance:com.test1.tests.RTest@52d455b8]" name="beforeMethod" is-config="true" duration-ms="7467" started-at="2017-01-24T12:09:11Z" finished-at="2017-01-24T12:09:18Z">
          <reporter-output>
          </reporter-output>
        </test-method> <!-- beforeMethod -->
        <test-method status="PASS" signature="isShoePictureAvailable(java.lang.String)[pri:0, instance:com.test1.tests.RTest@52d455b8]" name="isShoePictureAvailable" duration-ms="4615" started-at="2017-01-24T12:09:18Z" data-provider="dataProvider" finished-at="2017-01-24T12:09:23Z">
          <params>
            <param index="0">
              <value>
                <![CDATA[January]]>
              </value>
            </param>
          </params>
          <reporter-output>
          </reporter-output>
        </test-method> <!-- isShoePictureAvailable -->
        <test-method status="PASS" signature="afterMethod()[pri:0, instance:com.test1.tests.RTest@52d455b8]" name="afterMethod" is-config="true" duration-ms="1276" started-at="2017-01-24T12:09:23Z" finished-at="2017-01-24T12:09:24Z">
          <reporter-output>
          </reporter-output>
        </test-method> <!-- afterMethod -->
        <test-method status="PASS" signature="beforeMethod()[pri:0, instance:com.test1.tests.RTest@52d455b8]" name="beforeMethod" is-config="true" duration-ms="12403" started-at="2017-01-24T12:09:24Z" finished-at="2017-01-24T12:09:37Z">
          <reporter-output>
          </reporter-output>
        </test-method> <!-- beforeMethod -->
        <test-method status="PASS" signature="isShoePictureAvailable(java.lang.String)[pri:0, instance:com.test1.tests.RTest@52d455b8]" name="isShoePictureAvailable" duration-ms="3058" started-at="2017-01-24T12:09:37Z" data-provider="dataProvider" finished-at="2017-01-24T12:09:40Z">
          <params>
            <param index="0">
              <value>
                <![CDATA[October]]>
              </value>
            </param>
          </params>
          <reporter-output>
          </reporter-output>
        </test-method> <!-- isShoePictureAvailable -->
        <test-method status="PASS" signature="afterMethod()[pri:0, instance:com.test1.tests.RTest@52d455b8]" name="afterMethod" is-config="true" duration-ms="1227" started-at="2017-01-24T12:09:40Z" finished-at="2017-01-24T12:09:41Z">
          <reporter-output>
          </reporter-output>
        </test-method> <!-- afterMethod -->
        <test-method status="PASS" signature="beforeMethod()[pri:0, instance:com.test1.tests.RTest@52d455b8]" name="beforeMethod" is-config="true" duration-ms="9699" started-at="2017-01-24T12:09:41Z" finished-at="2017-01-24T12:09:51Z">
          <reporter-output>
          </reporter-output>
        </test-method> <!-- beforeMethod -->
        <test-method status="FAIL" signature="isShoePictureAvailable(java.lang.String)[pri:0, instance:com.test1.tests.RTest@52d455b8]" name="isShoePictureAvailable" duration-ms="14941" started-at="2017-01-24T12:09:51Z" data-provider="dataProvider" finished-at="2017-01-24T12:10:06Z">
          <params>
            <param index="0">
              <value>
                <![CDATA[December]]>
              </value>
            </param>
          </params>
          <exception class="java.lang.AssertionError">
            <message>
              <![CDATA[The shoe picture is not available. expected [true] but found [false]]]>
            </message>
            <full-stacktrace>
              <![CDATA[java.lang.AssertionError: The shoe picture is not available. expected [true] but found [false]
	at org.testng.Assert.fail(Assert.java:94)
	at org.testng.Assert.failNotEquals(Assert.java:496)
	at org.testng.Assert.assertTrue(Assert.java:42)
	at com.test1.tests.RTest.isShoePictureAvailable(RTest.java:86)
	at sun.reflect.NativeMethodAccessorImpl.invoke0(Native Method)
	at sun.reflect.NativeMethodAccessorImpl.invoke(NativeMethodAccessorImpl.java:62)
	at sun.reflect.DelegatingMethodAccessorImpl.invoke(DelegatingMethodAccessorImpl.java:43)
	at java.lang.reflect.Method.invoke(Method.java:497)
	at org.testng.internal.MethodInvocationHelper.invokeMethod(MethodInvocationHelper.java:85)
	at org.testng.internal.Invoker.invokeMethod(Invoker.java:639)
	at org.testng.internal.Invoker.invokeTestMethod(Invoker.java:821)
	at org.testng.internal.Invoker.invokeTestMethods(Invoker.java:1131)
	at org.testng.internal.TestMethodWorker.invokeTestMethods(TestMethodWorker.java:124)
	at org.testng.internal.TestMethodWorker.run(TestMethodWorker.java:108)
	at org.testng.TestRunner.privateRun(TestRunner.java:773)
	at org.testng.TestRunner.run(TestRunner.java:623)
	at org.testng.SuiteRunner.runTest(SuiteRunner.java:357)
	at org.testng.SuiteRunner.runSequentially(SuiteRunner.java:352)
	at org.testng.SuiteRunner.privateRun(SuiteRunner.java:310)
	at org.testng.SuiteRunner.run(SuiteRunner.java:259)
	at org.testng.SuiteRunnerWorker.runSuite(SuiteRunnerWorker.java:52)
	at org.testng.SuiteRunnerWorker.run(SuiteRunnerWorker.java:86)
	at org.testng.TestNG.runSuitesSequentially(TestNG.java:1185)
	at org.testng.TestNG.runSuitesLocally(TestNG.java:1110)
	at org.testng.TestNG.run(TestNG.java:1018)
	at org.testng.TestNG.privateMain(TestNG.java:1325)
	at org.testng.TestNG.main(TestNG.java:1294)
]]>
            </full-stacktrace>
          </exception> <!-- java.lang.AssertionError -->
          <reporter-output>
          </reporter-output>
        </test-method> <!-- isShoePictureAvailable -->
        <test-method status="PASS" signature="afterMethod()[pri:0, instance:com.test1.tests.RTest@52d455b8]" name="afterMethod" is-config="true" duration-ms="1293" started-at="2017-01-24T12:10:06Z" finished-at="2017-01-24T12:10:07Z">
          <reporter-output>
          </reporter-output>
        </test-method> <!-- afterMethod -->
        <test-method status="PASS" signature="beforeMethod()[pri:0, instance:com.test1.tests.RTest@52d455b8]" name="beforeMethod" is-config="true" duration-ms="6954" started-at="2017-01-24T12:10:07Z" finished-at="2017-01-24T12:10:14Z">
          <reporter-output>
          </reporter-output>
        </test-method> <!-- beforeMethod -->
        <test-method status="PASS" signature="isShoePriceAvailable(java.lang.String)[pri:0, instance:com.test1.tests.RTest@52d455b8]" name="isShoePriceAvailable" duration-ms="4056" started-at="2017-01-24T12:10:14Z" data-provider="dataProvider" finished-at="2017-01-24T12:10:18Z">
          <params>
            <param index="0">
              <value>
                <![CDATA[January]]>
              </value>
            </param>
          </params>
          <reporter-output>
          </reporter-output>
        </test-method> <!-- isShoePriceAvailable -->
        <test-method status="PASS" signature="afterMethod()[pri:0, instance:com.test1.tests.RTest@52d455b8]" name="afterMethod" is-config="true" duration-ms="1279" started-at="2017-01-24T12:10:18Z" finished-at="2017-01-24T12:10:19Z">
          <reporter-output>
          </reporter-output>
        </test-method> <!-- afterMethod -->
        <test-method status="PASS" signature="beforeMethod()[pri:0, instance:com.test1.tests.RTest@52d455b8]" name="beforeMethod" is-config="true" duration-ms="7319" started-at="2017-01-24T12:10:19Z" finished-at="2017-01-24T12:10:27Z">
          <reporter-output>
          </reporter-output>
        </test-method> <!-- beforeMethod -->
        <test-method status="PASS" signature="isShoePriceAvailable(java.lang.String)[pri:0, instance:com.test1.tests.RTest@52d455b8]" name="isShoePriceAvailable" duration-ms="3058" started-at="2017-01-24T12:10:27Z" data-provider="dataProvider" finished-at="2017-01-24T12:10:30Z">
          <params>
            <param index="0">
              <value>
                <![CDATA[October]]>
              </value>
            </param>
          </params>
          <reporter-output>
          </reporter-output>
        </test-method> <!-- isShoePriceAvailable -->
        <test-method status="PASS" signature="afterMethod()[pri:0, instance:com.test1.tests.RTest@52d455b8]" name="afterMethod" is-config="true" duration-ms="1273" started-at="2017-01-24T12:10:30Z" finished-at="2017-01-24T12:10:31Z">
          <reporter-output>
          </reporter-output>
        </test-method> <!-- afterMethod -->
        <test-method status="PASS" signature="beforeMethod()[pri:0, instance:com.test1.tests.RTest@52d455b8]" name="beforeMethod" is-config="true" duration-ms="8480" started-at="2017-01-24T12:10:31Z" finished-at="2017-01-24T12:10:39Z">
          <reporter-output>
          </reporter-output>
        </test-method> <!-- beforeMethod -->
        <test-method status="FAIL" signature="isShoePriceAvailable(java.lang.String)[pri:0, instance:com.test1.tests.RTest@52d455b8]" name="isShoePriceAvailable" duration-ms="15428" started-at="2017-01-24T12:10:39Z" data-provider="dataProvider" finished-at="2017-01-24T12:10:55Z">
          <params>
            <param index="0">
              <value>
                <![CDATA[December]]>
              </value>
            </param>
          </params>
          <exception class="java.lang.AssertionError">
            <message>
              <![CDATA[The shoe price is not available. expected [true] but found [false]]]>
            </message>
            <full-stacktrace>
              <![CDATA[java.lang.AssertionError: The shoe price is not available. expected [true] but found [false]
	at org.testng.Assert.fail(Assert.java:94)
	at org.testng.Assert.failNotEquals(Assert.java:496)
	at org.testng.Assert.assertTrue(Assert.java:42)
	at com.test1.tests.RTest.isShoePriceAvailable(RTest.java:75)
	at sun.reflect.NativeMethodAccessorImpl.invoke0(Native Method)
	at sun.reflect.NativeMethodAccessorImpl.invoke(NativeMethodAccessorImpl.java:62)
	at sun.reflect.DelegatingMethodAccessorImpl.invoke(DelegatingMethodAccessorImpl.java:43)
	at java.lang.reflect.Method.invoke(Method.java:497)
	at org.testng.internal.MethodInvocationHelper.invokeMethod(MethodInvocationHelper.java:85)
	at org.testng.internal.Invoker.invokeMethod(Invoker.java:639)
	at org.testng.internal.Invoker.invokeTestMethod(Invoker.java:821)
	at org.testng.internal.Invoker.invokeTestMethods(Invoker.java:1131)
	at org.testng.internal.TestMethodWorker.invokeTestMethods(TestMethodWorker.java:124)
	at org.testng.internal.TestMethodWorker.run(TestMethodWorker.java:108)
	at org.testng.TestRunner.privateRun(TestRunner.java:773)
	at org.testng.TestRunner.run(TestRunner.java:623)
	at org.testng.SuiteRunner.runTest(SuiteRunner.java:357)
	at org.testng.SuiteRunner.runSequentially(SuiteRunner.java:352)
	at org.testng.SuiteRunner.privateRun(SuiteRunner.java:310)
	at org.testng.SuiteRunner.run(SuiteRunner.java:259)
	at org.testng.SuiteRunnerWorker.runSuite(SuiteRunnerWorker.java:52)
	at org.testng.SuiteRunnerWorker.run(SuiteRunnerWorker.java:86)
	at org.testng.TestNG.runSuitesSequentially(TestNG.java:1185)
	at org.testng.TestNG.runSuitesLocally(TestNG.java:1110)
	at org.testng.TestNG.run(TestNG.java:1018)
	at org.testng.TestNG.privateMain(TestNG.java:1325)
	at org.testng.TestNG.main(TestNG.java:1294)
]]>
            </full-stacktrace>
          </exception> <!-- java.lang.AssertionError -->
          <reporter-output>
          </reporter-output>
        </test-method> <!-- isShoePriceAvailable -->
        <test-method status="PASS" signature="afterMethod()[pri:0, instance:com.test1.tests.RTest@52d455b8]" name="afterMethod" is-config="true" duration-ms="1289" started-at="2017-01-24T12:10:55Z" finished-at="2017-01-24T12:10:56Z">
          <reporter-output>
          </reporter-output>
        </test-method> <!-- afterMethod -->
        <test-method status="PASS" signature="beforeMethod()[pri:0, instance:com.test1.tests.RTest@52d455b8]" name="beforeMethod" is-config="true" duration-ms="9103" started-at="2017-01-24T12:10:56Z" finished-at="2017-01-24T12:11:05Z">
          <reporter-output>
          </reporter-output>
        </test-method> <!-- beforeMethod -->
        <test-method status="PASS" signature="verifyHomeSubmitEmailField()[pri:0, instance:com.test1.tests.RTest@52d455b8]" name="verifyHomeSubmitEmailField" duration-ms="52" started-at="2017-01-24T12:11:05Z" finished-at="2017-01-24T12:11:05Z">
          <reporter-output>
          </reporter-output>
        </test-method> <!-- verifyHomeSubmitEmailField -->
        <test-method status="PASS" signature="afterMethod()[pri:0, instance:com.test1.tests.RTest@52d455b8]" name="afterMethod" is-config="true" duration-ms="1225" started-at="2017-01-24T12:11:05Z" finished-at="2017-01-24T12:11:06Z">
          <reporter-output>
          </reporter-output>
        </test-method> <!-- afterMethod -->
        <test-method status="PASS" signature="beforeMethod()[pri:0, instance:com.test1.tests.RTest@52d455b8]" name="beforeMethod" is-config="true" duration-ms="9485" started-at="2017-01-24T12:11:06Z" finished-at="2017-01-24T12:11:16Z">
          <reporter-output>
          </reporter-output>
        </test-method> <!-- beforeMethod -->
        <test-method status="PASS" signature="verifySubmitEmailField(java.lang.String)[pri:0, instance:com.test1.tests.RTest@52d455b8]" name="verifySubmitEmailField" duration-ms="5592" started-at="2017-01-24T12:11:16Z" data-provider="dataProvider" finished-at="2017-01-24T12:11:22Z">
          <params>
            <param index="0">
              <value>
                <![CDATA[January]]>
              </value>
            </param>
          </params>
          <reporter-output>
          </reporter-output>
        </test-method> <!-- verifySubmitEmailField -->
        <test-method status="PASS" signature="afterMethod()[pri:0, instance:com.test1.tests.RTest@52d455b8]" name="afterMethod" is-config="true" duration-ms="1283" started-at="2017-01-24T12:11:22Z" finished-at="2017-01-24T12:11:23Z">
          <reporter-output>
          </reporter-output>
        </test-method> <!-- afterMethod -->
        <test-method status="PASS" signature="beforeMethod()[pri:0, instance:com.test1.tests.RTest@52d455b8]" name="beforeMethod" is-config="true" duration-ms="7758" started-at="2017-01-24T12:11:23Z" finished-at="2017-01-24T12:11:31Z">
          <reporter-output>
          </reporter-output>
        </test-method> <!-- beforeMethod -->
        <test-method status="PASS" signature="verifySubmitEmailField(java.lang.String)[pri:0, instance:com.test1.tests.RTest@52d455b8]" name="verifySubmitEmailField" duration-ms="1017" started-at="2017-01-24T12:11:31Z" data-provider="dataProvider" finished-at="2017-01-24T12:11:32Z">
          <params>
            <param index="0">
              <value>
                <![CDATA[February]]>
              </value>
            </param>
          </params>
          <reporter-output>
          </reporter-output>
        </test-method> <!-- verifySubmitEmailField -->
        <test-method status="PASS" signature="afterMethod()[pri:0, instance:com.test1.tests.RTest@52d455b8]" name="afterMethod" is-config="true" duration-ms="1222" started-at="2017-01-24T12:11:32Z" finished-at="2017-01-24T12:11:33Z">
          <reporter-output>
          </reporter-output>
        </test-method> <!-- afterMethod -->
        <test-method status="PASS" signature="beforeMethod()[pri:0, instance:com.test1.tests.RTest@52d455b8]" name="beforeMethod" is-config="true" duration-ms="6959" started-at="2017-01-24T12:11:33Z" finished-at="2017-01-24T12:11:40Z">
          <reporter-output>
          </reporter-output>
        </test-method> <!-- beforeMethod -->
        <test-method status="PASS" signature="verifySubmitEmailField(java.lang.String)[pri:0, instance:com.test1.tests.RTest@52d455b8]" name="verifySubmitEmailField" duration-ms="2801" started-at="2017-01-24T12:11:40Z" data-provider="dataProvider" finished-at="2017-01-24T12:11:43Z">
          <params>
            <param index="0">
              <value>
                <![CDATA[March]]>
              </value>
            </param>
          </params>
          <reporter-output>
          </reporter-output>
        </test-method> <!-- verifySubmitEmailField -->
        <test-method status="PASS" signature="afterMethod()[pri:0, instance:com.test1.tests.RTest@52d455b8]" name="afterMethod" is-config="true" duration-ms="1275" started-at="2017-01-24T12:11:43Z" finished-at="2017-01-24T12:11:44Z">
          <reporter-output>
          </reporter-output>
        </test-method> <!-- afterMethod -->
        <test-method status="PASS" signature="beforeMethod()[pri:0, instance:com.test1.tests.RTest@52d455b8]" name="beforeMethod" is-config="true" duration-ms="7344" started-at="2017-01-24T12:11:44Z" finished-at="2017-01-24T12:11:51Z">
          <reporter-output>
          </reporter-output>
        </test-method> <!-- beforeMethod -->
        <test-method status="PASS" signature="verifySubmitEmailField(java.lang.String)[pri:0, instance:com.test1.tests.RTest@52d455b8]" name="verifySubmitEmailField" duration-ms="922" started-at="2017-01-24T12:11:51Z" data-provider="dataProvider" finished-at="2017-01-24T12:11:52Z">
          <params>
            <param index="0">
              <value>
                <![CDATA[April]]>
              </value>
            </param>
          </params>
          <reporter-output>
          </reporter-output>
        </test-method> <!-- verifySubmitEmailField -->
        <test-method status="PASS" signature="afterMethod()[pri:0, instance:com.test1.tests.RTest@52d455b8]" name="afterMethod" is-config="true" duration-ms="1277" started-at="2017-01-24T12:11:52Z" finished-at="2017-01-24T12:11:53Z">
          <reporter-output>
          </reporter-output>
        </test-method> <!-- afterMethod -->
      </class> <!-- com.test1.tests.RTest -->
    </test> <!-- Ant test -->
  </suite> <!-- Ant suite -->
</testng-results>
